<?xml version="1.0" encoding="UTF-8"?>
<!-- Generated by org.testng.reporters.JUnitReportReporter -->
<testsuite hostname="DESKTOP-A6SKKBH" failures="0" tests="5" name="Login_Test.LoginTest" time="76.234" errors="0" timestamp="2025-08-10T12:19:07 IST" skipped="0">
  <testcase classname="Login_Test.LoginTest" name="testLogin" time="18.602"/>
  <testcase classname="Login_Test.LoginTest" name="testLogin" time="18.066"/>
  <testcase classname="Login_Test.LoginTest" name="testLogin" time="14.185"/>
  <testcase classname="Login_Test.LoginTest" name="testLogin" time="9.719"/>
  <testcase classname="Login_Test.LoginTest" name="testLogin" time="15.662"/>
</testsuite> <!-- Login_Test.LoginTest -->
